<?xml version="1.0" encoding="UTF-8" ?>
<testsuites>
 <testsuite name="Gold Copy- Emergency Medicine Functional Regression_ ED Triage_script" package="Gold Copy FirstNet.suite" timestamp="2023-03-15 11:22:48.637 -0400"
 tests="1"  failures="1" errors="0" time="0.283000">
  <properties>
   <property name="RunDate" value="2023-03-15 11:22:48.637 -0400"/>
   <property name="Status" value="Failure"/>
  </properties>
  <testcase name="Gold Copy- Emergency Medicine Functional Regression_ ED Triage.script" assertions="1" status="failure"  time="0.267">
    <failure type="FAILURE" message="SenseTalk Compiler Exception: in checkin:\nSyntax Error at line 46: Syntax Error - can't understand [end of script] at character 1 -- Execution Time 0:00:00 Gold Copy- Emergency Medicine Functional Regression_ ED Triage.script" />
  </testcase>
 </testsuite>
</testsuites>
