<?xml version="1.0" encoding="UTF-8" ?>
<testsuites>
 <testsuite name="Master_script" package="ReusablePowerChartLogin.suite" timestamp="2022-11-28 13:09:38.714 -0500"
 tests="1"  failures="1" errors="1" time="40.977000">
  <properties>
   <property name="RunDate" value="2022-11-28 13:09:38.714 -0500"/>
   <property name="Status" value="Failure"/>
  </properties>
  <testcase name="Master.script" assertions="1" status="error"  time="39.807">
    <failure type="FAILURE" message="Image Not Found: click Error - No Image Found On Screen: &quot;CertificateSelection&quot; -- Execution Time 0:00:40 Master.script" />
    <error type="Exception" message="No Image Found On Screen: &quot;CertificateSelection&quot;" />
  </testcase>
 </testsuite>
</testsuites>
