<?xml version="1.0" encoding="UTF-8" ?>
<testsuites>
 <testsuite name="BloodProducts_script" package="ReusablePowerChartLogin.suite" timestamp="2023-02-22 15:18:03.293 -0500"
 tests="1"  failures="1" errors="1" time="315.112000">
  <properties>
   <property name="RunDate" value="2023-02-22 15:18:03.293 -0500"/>
   <property name="Status" value="Failure"/>
  </properties>
  <testcase name="BloodProducts.script" assertions="1" status="error"  time="313.337">
    <failure type="FAILURE" message="Image Not Found: waitfor Error - Unable To Find Any Image On Screen &quot;PC_PatientSearchDropDown&quot; within 30.00 seconds -- Execution Time 0:05:15 BloodProducts.script" />
    <error type="Exception" message="Unable To Find Any Image On Screen &quot;PC_PatientSearchDropDown&quot; within 30.00 seconds" />
  </testcase>
 </testsuite>
</testsuites>
